  Urok_1__Modul__9__Domasnaa_rabota_1521864835.cpp
e:\1 january 2018\c++\dynmas_020418\urok_1__modul__9__domasnaa_rabota_1521864835\urok_1__modul__9__domasnaa_rabota_1521864835\urok_1__modul__9__domasnaa_rabota_1521864835.cpp(24): warning C4244: аргумент: преобразование "time_t" в "unsigned int", возможна потеря данных
e:\1 january 2018\c++\dynmas_020418\urok_1__modul__9__domasnaa_rabota_1521864835\urok_1__modul__9__domasnaa_rabota_1521864835\urok_1__modul__9__domasnaa_rabota_1521864835.cpp(346): warning C4244: инициализация: преобразование "int" в "float", возможна потеря данных
e:\1 january 2018\c++\dynmas_020418\urok_1__modul__9__domasnaa_rabota_1521864835\urok_1__modul__9__domasnaa_rabota_1521864835\urok_1__modul__9__domasnaa_rabota_1521864835.cpp(347): warning C4244: инициализация: преобразование "int" в "float", возможна потеря данных
e:\1 january 2018\c++\dynmas_020418\urok_1__modul__9__domasnaa_rabota_1521864835\urok_1__modul__9__domasnaa_rabota_1521864835\urok_1__modul__9__domasnaa_rabota_1521864835.cpp(369): warning C4244: инициализация: преобразование "int" в "float", возможна потеря данных
e:\1 january 2018\c++\dynmas_020418\urok_1__modul__9__domasnaa_rabota_1521864835\urok_1__modul__9__domasnaa_rabota_1521864835\urok_1__modul__9__domasnaa_rabota_1521864835.cpp(370): warning C4244: инициализация: преобразование "int" в "float", возможна потеря данных
e:\1 january 2018\c++\dynmas_020418\urok_1__modul__9__domasnaa_rabota_1521864835\urok_1__modul__9__domasnaa_rabota_1521864835\urok_1__modul__9__domasnaa_rabota_1521864835.cpp(392): warning C4244: инициализация: преобразование "int" в "float", возможна потеря данных
e:\1 january 2018\c++\dynmas_020418\urok_1__modul__9__domasnaa_rabota_1521864835\urok_1__modul__9__domasnaa_rabota_1521864835\urok_1__modul__9__domasnaa_rabota_1521864835.cpp(393): warning C4244: инициализация: преобразование "int" в "float", возможна потеря данных
e:\1 january 2018\c++\dynmas_020418\urok_1__modul__9__domasnaa_rabota_1521864835\urok_1__modul__9__domasnaa_rabota_1521864835\urok_1__modul__9__domasnaa_rabota_1521864835.cpp(434): warning C4244: инициализация: преобразование "int" в "float", возможна потеря данных
e:\1 january 2018\c++\dynmas_020418\urok_1__modul__9__domasnaa_rabota_1521864835\urok_1__modul__9__domasnaa_rabota_1521864835\urok_1__modul__9__domasnaa_rabota_1521864835.cpp(435): warning C4244: инициализация: преобразование "int" в "float", возможна потеря данных
e:\1 january 2018\c++\dynmas_020418\urok_1__modul__9__domasnaa_rabota_1521864835\urok_1__modul__9__domasnaa_rabota_1521864835\urok_1__modul__9__domasnaa_rabota_1521864835.cpp(438): warning C4244: +=: преобразование "double" в "float", возможна потеря данных
e:\1 january 2018\c++\dynmas_020418\urok_1__modul__9__domasnaa_rabota_1521864835\urok_1__modul__9__domasnaa_rabota_1521864835\urok_1__modul__9__domasnaa_rabota_1521864835.cpp(457): warning C4244: инициализация: преобразование "int" в "float", возможна потеря данных
e:\1 january 2018\c++\dynmas_020418\urok_1__modul__9__domasnaa_rabota_1521864835\urok_1__modul__9__domasnaa_rabota_1521864835\urok_1__modul__9__domasnaa_rabota_1521864835.cpp(458): warning C4244: инициализация: преобразование "int" в "float", возможна потеря данных
e:\1 january 2018\c++\dynmas_020418\urok_1__modul__9__domasnaa_rabota_1521864835\urok_1__modul__9__domasnaa_rabota_1521864835\urok_1__modul__9__domasnaa_rabota_1521864835.cpp(481): warning C4244: инициализация: преобразование "int" в "float", возможна потеря данных
e:\1 january 2018\c++\dynmas_020418\urok_1__modul__9__domasnaa_rabota_1521864835\urok_1__modul__9__domasnaa_rabota_1521864835\urok_1__modul__9__domasnaa_rabota_1521864835.cpp(482): warning C4244: инициализация: преобразование "int" в "float", возможна потеря данных
e:\1 january 2018\c++\dynmas_020418\urok_1__modul__9__domasnaa_rabota_1521864835\urok_1__modul__9__domasnaa_rabota_1521864835\urok_1__modul__9__domasnaa_rabota_1521864835.cpp(506): warning C4244: инициализация: преобразование "int" в "float", возможна потеря данных
e:\1 january 2018\c++\dynmas_020418\urok_1__modul__9__domasnaa_rabota_1521864835\urok_1__modul__9__domasnaa_rabota_1521864835\urok_1__modul__9__domasnaa_rabota_1521864835.cpp(507): warning C4244: инициализация: преобразование "int" в "float", возможна потеря данных
e:\1 january 2018\c++\dynmas_020418\urok_1__modul__9__domasnaa_rabota_1521864835\urok_1__modul__9__domasnaa_rabota_1521864835\urok_1__modul__9__domasnaa_rabota_1521864835.cpp(512): warning C4244: инициализация: преобразование "double" в "float", возможна потеря данных
e:\1 january 2018\c++\dynmas_020418\urok_1__modul__9__domasnaa_rabota_1521864835\urok_1__modul__9__domasnaa_rabota_1521864835\urok_1__modul__9__domasnaa_rabota_1521864835.cpp(513): warning C4244: инициализация: преобразование "double" в "float", возможна потеря данных
e:\1 january 2018\c++\dynmas_020418\urok_1__modul__9__domasnaa_rabota_1521864835\urok_1__modul__9__domasnaa_rabota_1521864835\urok_1__modul__9__domasnaa_rabota_1521864835.cpp(516): warning C4244: =: преобразование "double" в "float", возможна потеря данных
e:\1 january 2018\c++\dynmas_020418\urok_1__modul__9__domasnaa_rabota_1521864835\urok_1__modul__9__domasnaa_rabota_1521864835\urok_1__modul__9__domasnaa_rabota_1521864835.cpp(517): warning C4244: =: преобразование "double" в "float", возможна потеря данных
e:\1 january 2018\c++\dynmas_020418\urok_1__modul__9__domasnaa_rabota_1521864835\urok_1__modul__9__domasnaa_rabota_1521864835\urok_1__modul__9__domasnaa_rabota_1521864835.cpp(534): warning C4244: инициализация: преобразование "int" в "float", возможна потеря данных
e:\1 january 2018\c++\dynmas_020418\urok_1__modul__9__domasnaa_rabota_1521864835\urok_1__modul__9__domasnaa_rabota_1521864835\urok_1__modul__9__domasnaa_rabota_1521864835.cpp(535): warning C4244: инициализация: преобразование "int" в "float", возможна потеря данных
e:\1 january 2018\c++\dynmas_020418\urok_1__modul__9__domasnaa_rabota_1521864835\urok_1__modul__9__domasnaa_rabota_1521864835\urok_1__modul__9__domasnaa_rabota_1521864835.cpp(540): warning C4244: инициализация: преобразование "double" в "float", возможна потеря данных
e:\1 january 2018\c++\dynmas_020418\urok_1__modul__9__domasnaa_rabota_1521864835\urok_1__modul__9__domasnaa_rabota_1521864835\urok_1__modul__9__domasnaa_rabota_1521864835.cpp(541): warning C4244: инициализация: преобразование "double" в "float", возможна потеря данных
e:\1 january 2018\c++\dynmas_020418\urok_1__modul__9__domasnaa_rabota_1521864835\urok_1__modul__9__domasnaa_rabota_1521864835\urok_1__modul__9__domasnaa_rabota_1521864835.cpp(544): warning C4244: =: преобразование "double" в "float", возможна потеря данных
e:\1 january 2018\c++\dynmas_020418\urok_1__modul__9__domasnaa_rabota_1521864835\urok_1__modul__9__domasnaa_rabota_1521864835\urok_1__modul__9__domasnaa_rabota_1521864835.cpp(545): warning C4244: =: преобразование "double" в "float", возможна потеря данных
e:\1 january 2018\c++\dynmas_020418\urok_1__modul__9__domasnaa_rabota_1521864835\urok_1__modul__9__domasnaa_rabota_1521864835\urok_1__modul__9__domasnaa_rabota_1521864835.cpp(419): warning C4477: "printf": в строке форматирования "%7d" требуется аргумент типа "int", но вариативный аргумент "1" имеет тип "double"
  Urok_1__Modul__9__Domasnaa_rabota_1521864835.vcxproj -> E:\1 January 2018\C++\DynMas_020418\Urok_1__Modul__9__Domasnaa_rabota_1521864835\Debug\Urok_1__Modul__9__Domasnaa_rabota_1521864835.exe
